<?xml version="1.0" encoding="UTF-8"?>
<coverage generated="1734937322978" clover="3.2.0">
  <project timestamp="1734937322978" name="All files">
    <metrics statements="170" coveredstatements="137" conditionals="50" coveredconditionals="29" methods="66" coveredmethods="50" elements="286" coveredelements="216" complexity="0" loc="170" ncloc="170" packages="4" files="20" classes="20"/>
    <package name="Components">
      <metrics statements="112" coveredstatements="95" conditionals="38" coveredconditionals="26" methods="46" coveredmethods="39"/>
      <file name="Accordion.js" path="D:\React deep dive 2 nov 2024\src\Components\Accordion.js">
        <metrics statements="6" coveredstatements="3" conditionals="4" coveredconditionals="1" methods="3" coveredmethods="2"/>
        <line num="3" count="1" type="stmt"/>
        <line num="4" count="7" type="stmt"/>
        <line num="9" count="0" type="stmt"/>
        <line num="10" count="0" type="cond" truecount="0" falsecount="2"/>
        <line num="11" count="0" type="stmt"/>
        <line num="57" count="101" type="stmt"/>
      </file>
      <file name="Body.js" path="D:\React deep dive 2 nov 2024\src\Components\Body.js">
        <metrics statements="30" coveredstatements="29" conditionals="12" coveredconditionals="10" methods="11" coveredmethods="11"/>
        <line num="9" count="1" type="stmt"/>
        <line num="10" count="1" type="stmt"/>
        <line num="11" count="4" type="stmt"/>
        <line num="12" count="4" type="stmt"/>
        <line num="13" count="4" type="stmt"/>
        <line num="15" count="4" type="stmt"/>
        <line num="16" count="1" type="cond" truecount="2" falsecount="0"/>
        <line num="19" count="1" type="stmt"/>
        <line num="20" count="1" type="stmt"/>
        <line num="24" count="4" type="stmt"/>
        <line num="26" count="4" type="stmt"/>
        <line num="27" count="1" type="stmt"/>
        <line num="28" count="1" type="stmt"/>
        <line num="29" count="1" type="stmt"/>
        <line num="30" count="1" type="stmt"/>
        <line num="32" count="1" type="stmt"/>
        <line num="33" count="10" type="cond" truecount="2" falsecount="0"/>
        <line num="35" count="1" type="stmt"/>
        <line num="38" count="8" type="stmt"/>
        <line num="40" count="1" type="stmt"/>
        <line num="42" count="0" type="stmt"/>
        <line num="46" count="4" type="cond" truecount="1" falsecount="1"/>
        <line num="48" count="4" type="stmt"/>
        <line num="57" count="1" type="stmt"/>
        <line num="65" count="1" type="stmt"/>
        <line num="66" count="8" type="stmt"/>
        <line num="68" count="1" type="cond" truecount="1" falsecount="1"/>
        <line num="69" count="1" type="stmt"/>
        <line num="85" count="8" type="stmt"/>
        <line num="93" count="18" type="stmt"/>
      </file>
      <file name="Contact.js" path="D:\React deep dive 2 nov 2024\src\Components\Contact.js">
        <metrics statements="2" coveredstatements="2" conditionals="0" coveredconditionals="0" methods="1" coveredmethods="1"/>
        <line num="1" count="1" type="stmt"/>
        <line num="2" count="3" type="stmt"/>
      </file>
      <file name="DialogBox.js" path="D:\React deep dive 2 nov 2024\src\Components\DialogBox.js">
        <metrics statements="16" coveredstatements="8" conditionals="0" coveredconditionals="0" methods="7" coveredmethods="3"/>
        <line num="6" count="1" type="stmt"/>
        <line num="7" count="1" type="stmt"/>
        <line num="8" count="8" type="stmt"/>
        <line num="9" count="8" type="stmt"/>
        <line num="10" count="1" type="stmt"/>
        <line num="11" count="1" type="stmt"/>
        <line num="12" count="1" type="stmt"/>
        <line num="13" count="1" type="stmt"/>
        <line num="15" count="0" type="stmt"/>
        <line num="16" count="0" type="stmt"/>
        <line num="24" count="0" type="stmt"/>
        <line num="26" count="0" type="stmt"/>
        <line num="27" count="0" type="stmt"/>
        <line num="28" count="0" type="stmt"/>
        <line num="29" count="0" type="stmt"/>
        <line num="31" count="0" type="stmt"/>
      </file>
      <file name="Nav.js" path="D:\React deep dive 2 nov 2024\src\Components\Nav.js">
        <metrics statements="7" coveredstatements="7" conditionals="4" coveredconditionals="2" methods="3" coveredmethods="3"/>
        <line num="9" count="2" type="stmt"/>
        <line num="10" count="10" type="stmt"/>
        <line num="11" count="10" type="stmt"/>
        <line num="12" count="10" type="stmt"/>
        <line num="15" count="20" type="stmt"/>
        <line num="17" count="10" type="stmt"/>
        <line num="66" count="1" type="cond" truecount="1" falsecount="1"/>
      </file>
      <file name="ResMenuCards.js" path="D:\React deep dive 2 nov 2024\src\Components\ResMenuCards.js">
        <metrics statements="19" coveredstatements="16" conditionals="10" coveredconditionals="8" methods="9" coveredmethods="8"/>
        <line num="9" count="1" type="stmt"/>
        <line num="10" count="606" type="stmt"/>
        <line num="11" count="1313" type="stmt"/>
        <line num="12" count="1313" type="stmt"/>
        <line num="14" count="606" type="stmt"/>
        <line num="15" count="606" type="stmt"/>
        <line num="16" count="1" type="stmt"/>
        <line num="19" count="606" type="stmt"/>
        <line num="22" count="606" type="stmt"/>
        <line num="50" count="1" type="stmt"/>
        <line num="51" count="1" type="stmt"/>
        <line num="52" count="1" type="cond" truecount="2" falsecount="2"/>
        <line num="53" count="0" type="stmt"/>
        <line num="54" count="0" type="stmt"/>
        <line num="56" count="1" type="stmt"/>
        <line num="58" count="1" type="stmt"/>
        <line num="69" count="0" type="stmt"/>
        <line num="83" count="10" type="stmt"/>
        <line num="87" count="4" type="stmt"/>
      </file>
      <file name="RestCart.js" path="D:\React deep dive 2 nov 2024\src\Components\RestCart.js">
        <metrics statements="6" coveredstatements="6" conditionals="0" coveredconditionals="0" methods="3" coveredmethods="3"/>
        <line num="3" count="2" type="stmt"/>
        <line num="11" count="20" type="stmt"/>
        <line num="12" count="20" type="stmt"/>
        <line num="31" count="2" type="stmt"/>
        <line num="32" count="2" type="stmt"/>
        <line num="33" count="15" type="stmt"/>
      </file>
      <file name="RestaurantMenu.js" path="D:\React deep dive 2 nov 2024\src\Components\RestaurantMenu.js">
        <metrics statements="20" coveredstatements="18" conditionals="8" coveredconditionals="5" methods="6" coveredmethods="5"/>
        <line num="13" count="1" type="stmt"/>
        <line num="14" count="5" type="stmt"/>
        <line num="15" count="4" type="stmt"/>
        <line num="16" count="4" type="stmt"/>
        <line num="17" count="4" type="stmt"/>
        <line num="18" count="4" type="stmt"/>
        <line num="20" count="4" type="stmt"/>
        <line num="22" count="4" type="cond" truecount="2" falsecount="0"/>
        <line num="23" count="1" type="stmt"/>
        <line num="30" count="5" type="stmt"/>
        <line num="35" count="3" type="stmt"/>
        <line num="36" count="3" type="stmt"/>
        <line num="38" count="42" type="stmt"/>
        <line num="40" count="21" type="stmt"/>
        <line num="41" count="3" type="cond" truecount="2" falsecount="0"/>
        <line num="45" count="3" type="stmt"/>
        <line num="55" count="21" type="stmt"/>
        <line num="56" count="21" type="stmt"/>
        <line num="66" count="0" type="cond" truecount="0" falsecount="2"/>
        <line num="69" count="0" type="stmt"/>
      </file>
      <file name="Shimmer-ui.js" path="D:\React deep dive 2 nov 2024\src\Components\Shimmer-ui.js">
        <metrics statements="2" coveredstatements="2" conditionals="0" coveredconditionals="0" methods="1" coveredmethods="1"/>
        <line num="1" count="1" type="stmt"/>
        <line num="2" count="8" type="stmt"/>
      </file>
      <file name="ShimmerMenu.js" path="D:\React deep dive 2 nov 2024\src\Components\ShimmerMenu.js">
        <metrics statements="2" coveredstatements="2" conditionals="0" coveredconditionals="0" methods="1" coveredmethods="1"/>
        <line num="1" count="1" type="stmt"/>
        <line num="2" count="6" type="stmt"/>
      </file>
      <file name="sum.js" path="D:\React deep dive 2 nov 2024\src\Components\sum.js">
        <metrics statements="2" coveredstatements="2" conditionals="0" coveredconditionals="0" methods="1" coveredmethods="1"/>
        <line num="1" count="1" type="stmt"/>
        <line num="2" count="1" type="stmt"/>
      </file>
    </package>
    <package name="config">
      <metrics statements="28" coveredstatements="26" conditionals="0" coveredconditionals="0" methods="8" coveredmethods="6"/>
      <file name="StyledJSXElememnt.js" path="D:\React deep dive 2 nov 2024\src\config\StyledJSXElememnt.js">
        <metrics statements="2" coveredstatements="2" conditionals="0" coveredconditionals="0" methods="1" coveredmethods="1"/>
        <line num="1" count="2" type="stmt"/>
        <line num="2" count="60" type="stmt"/>
      </file>
      <file name="useOnlineStatus.js" path="D:\React deep dive 2 nov 2024\src\config\useOnlineStatus.js">
        <metrics statements="8" coveredstatements="6" conditionals="0" coveredconditionals="0" methods="4" coveredmethods="2"/>
        <line num="3" count="3" type="stmt"/>
        <line num="4" count="14" type="stmt"/>
        <line num="6" count="14" type="stmt"/>
        <line num="7" count="5" type="stmt"/>
        <line num="8" count="0" type="stmt"/>
        <line num="10" count="5" type="stmt"/>
        <line num="11" count="0" type="stmt"/>
        <line num="15" count="14" type="stmt"/>
      </file>
      <file name="useRestaurantMenudata.js" path="D:\React deep dive 2 nov 2024\src\config\useRestaurantMenudata.js">
        <metrics statements="9" coveredstatements="9" conditionals="0" coveredconditionals="0" methods="3" coveredmethods="3"/>
        <line num="4" count="1" type="stmt"/>
        <line num="5" count="4" type="stmt"/>
        <line num="7" count="4" type="stmt"/>
        <line num="8" count="1" type="stmt"/>
        <line num="11" count="4" type="stmt"/>
        <line num="12" count="1" type="stmt"/>
        <line num="13" count="1" type="stmt"/>
        <line num="14" count="1" type="stmt"/>
        <line num="19" count="4" type="stmt"/>
      </file>
      <file name="userContext.js" path="D:\React deep dive 2 nov 2024\src\config\userContext.js">
        <metrics statements="2" coveredstatements="2" conditionals="0" coveredconditionals="0" methods="0" coveredmethods="0"/>
        <line num="3" count="2" type="stmt"/>
        <line num="6" count="2" type="stmt"/>
      </file>
      <file name="utils.js" path="D:\React deep dive 2 nov 2024\src\config\utils.js">
        <metrics statements="7" coveredstatements="7" conditionals="0" coveredconditionals="0" methods="0" coveredmethods="0"/>
        <line num="1" count="4" type="stmt"/>
        <line num="2" count="4" type="stmt"/>
        <line num="3" count="4" type="stmt"/>
        <line num="4" count="4" type="stmt"/>
        <line num="5" count="4" type="stmt"/>
        <line num="6" count="4" type="stmt"/>
        <line num="7" count="4" type="stmt"/>
      </file>
    </package>
    <package name="config.reduxStore">
      <metrics statements="26" coveredstatements="12" conditionals="12" coveredconditionals="3" methods="10" coveredmethods="3"/>
      <file name="cartSlice.js" path="D:\React deep dive 2 nov 2024\src\config\reduxStore\cartSlice.js">
        <metrics statements="21" coveredstatements="8" conditionals="12" coveredconditionals="3" methods="9" coveredmethods="3"/>
        <line num="3" count="2" type="stmt"/>
        <line num="13" count="1" type="stmt"/>
        <line num="14" count="1" type="cond" truecount="1" falsecount="1"/>
        <line num="15" count="0" type="stmt"/>
        <line num="16" count="0" type="stmt"/>
        <line num="20" count="1" type="cond" truecount="1" falsecount="1"/>
        <line num="25" count="4" type="stmt"/>
        <line num="28" count="0" type="cond" truecount="0" falsecount="2"/>
        <line num="29" count="0" type="cond" truecount="0" falsecount="2"/>
        <line num="30" count="0" type="stmt"/>
        <line num="32" count="0" type="stmt"/>
        <line num="36" count="0" type="stmt"/>
        <line num="40" count="1" type="cond" truecount="1" falsecount="1"/>
        <line num="41" count="1" type="stmt"/>
        <line num="42" count="0" type="cond" truecount="0" falsecount="2"/>
        <line num="43" count="0" type="stmt"/>
        <line num="47" count="0" type="stmt"/>
        <line num="50" count="0" type="stmt"/>
        <line num="51" count="0" type="stmt"/>
        <line num="54" count="0" type="stmt"/>
        <line num="68" count="2" type="stmt"/>
      </file>
      <file name="dataSlice.js" path="D:\React deep dive 2 nov 2024\src\config\reduxStore\dataSlice.js">
        <metrics statements="3" coveredstatements="2" conditionals="0" coveredconditionals="0" methods="1" coveredmethods="0"/>
        <line num="3" count="2" type="stmt"/>
        <line num="10" count="0" type="stmt"/>
        <line num="15" count="2" type="stmt"/>
      </file>
      <file name="store.js" path="D:\React deep dive 2 nov 2024\src\config\reduxStore\store.js">
        <metrics statements="2" coveredstatements="2" conditionals="0" coveredconditionals="0" methods="0" coveredmethods="0"/>
        <line num="5" count="2" type="stmt"/>
        <line num="18" count="2" type="stmt"/>
      </file>
    </package>
    <package name="config.utilsIcons">
      <metrics statements="4" coveredstatements="4" conditionals="0" coveredconditionals="0" methods="2" coveredmethods="2"/>
      <file name="Icons.js" path="D:\React deep dive 2 nov 2024\src\config\utilsIcons\Icons.js">
        <metrics statements="4" coveredstatements="4" conditionals="0" coveredconditionals="0" methods="2" coveredmethods="2"/>
        <line num="1" count="1" type="stmt"/>
        <line num="2" count="390" type="stmt"/>
        <line num="35" count="1" type="stmt"/>
        <line num="36" count="216" type="stmt"/>
      </file>
    </package>
  </project>
</coverage>
