{"D:\\React deep dive 2 nov 2024\\src\\Components\\Accordion.js": {"path":"D:\\React deep dive 2 nov 2024\\src\\Components\\Accordion.js","statementMap":{"0":{"start":{"line":3,"column":18},"end":{"line":66,"column":1}},"1":{"start":{"line":4,"column":4},"end":{"line":65,"column":6}},"2":{"start":{"line":9,"column":28},"end":{"line":9,"column":46}},"3":{"start":{"line":10,"column":12},"end":{"line":10,"column":74}},"4":{"start":{"line":11,"column":12},"end":{"line":11,"column":35}},"5":{"start":{"line":57,"column":12},"end":{"line":61,"column":14}}},"fnMap":{"0":{"name":"(anonymous_0)","decl":{"start":{"line":3,"column":18},"end":{"line":3,"column":19}},"loc":{"start":{"line":3,"column":95},"end":{"line":66,"column":1}},"line":3},"1":{"name":"(anonymous_1)","decl":{"start":{"line":8,"column":19},"end":{"line":8,"column":20}},"loc":{"start":{"line":8,"column":25},"end":{"line":14,"column":11}},"line":8},"2":{"name":"(anonymous_2)","decl":{"start":{"line":56,"column":30},"end":{"line":56,"column":31}},"loc":{"start":{"line":56,"column":39},"end":{"line":62,"column":11}},"line":56}},"branchMap":{"0":{"loc":{"start":{"line":10,"column":25},"end":{"line":10,"column":73}},"type":"cond-expr","locations":[{"start":{"line":10,"column":51},"end":{"line":10,"column":62}},{"start":{"line":10,"column":65},"end":{"line":10,"column":73}}],"line":10},"1":{"loc":{"start":{"line":20,"column":13},"end":{"line":50,"column":13}},"type":"cond-expr","locations":[{"start":{"line":21,"column":14},"end":{"line":34,"column":20}},{"start":{"line":36,"column":14},"end":{"line":49,"column":20}}],"line":20}},"s":{"0":1,"1":7,"2":0,"3":0,"4":0,"5":101},"f":{"0":7,"1":0,"2":101},"b":{"0":[0,0],"1":[0,7]},"_coverageSchema":"1a1c01bbd47fc00a2c39e90264f33305004495a9","hash":"3cfc902594e23388391fc3eac19992e722f77c23"}
,"D:\\React deep dive 2 nov 2024\\src\\Components\\Body.js": {"path":"D:\\React deep dive 2 nov 2024\\src\\Components\\Body.js","statementMap":{"0":{"start":{"line":9,"column":25},"end":{"line":9,"column":52}},"1":{"start":{"line":10,"column":13},"end":{"line":106,"column":1}},"2":{"start":{"line":11,"column":22},"end":{"line":11,"column":34}},"3":{"start":{"line":12,"column":24},"end":{"line":12,"column":36}},"4":{"start":{"line":13,"column":17},"end":{"line":13,"column":34}},"5":{"start":{"line":15,"column":2},"end":{"line":22,"column":9}},"6":{"start":{"line":16,"column":4},"end":{"line":21,"column":9}},"7":{"start":{"line":19,"column":8},"end":{"line":19,"column":21}},"8":{"start":{"line":20,"column":8},"end":{"line":20,"column":22}},"9":{"start":{"line":24,"column":38},"end":{"line":24,"column":50}},"10":{"start":{"line":26,"column":20},"end":{"line":44,"column":3}},"11":{"start":{"line":27,"column":4},"end":{"line":43,"column":5}},"12":{"start":{"line":28,"column":23},"end":{"line":28,"column":51}},"13":{"start":{"line":29,"column":19},"end":{"line":29,"column":40}},"14":{"start":{"line":30,"column":6},"end":{"line":30,"column":31}},"15":{"start":{"line":32,"column":6},"end":{"line":34,"column":8}},"16":{"start":{"line":33,"column":20},"end":{"line":33,"column":74}},"17":{"start":{"line":35,"column":24},"end":{"line":39,"column":7}},"18":{"start":{"line":38,"column":17},"end":{"line":38,"column":25}},"19":{"start":{"line":40,"column":6},"end":{"line":40,"column":23}},"20":{"start":{"line":42,"column":6},"end":{"line":42,"column":23}},"21":{"start":{"line":46,"column":2},"end":{"line":46,"column":42}},"22":{"start":{"line":46,"column":15},"end":{"line":46,"column":42}},"23":{"start":{"line":48,"column":2},"end":{"line":105,"column":4}},"24":{"start":{"line":57,"column":12},"end":{"line":57,"column":42}},"25":{"start":{"line":65,"column":29},"end":{"line":67,"column":13}},"26":{"start":{"line":66,"column":14},"end":{"line":66,"column":74}},"27":{"start":{"line":68,"column":12},"end":{"line":68,"column":56}},"28":{"start":{"line":69,"column":12},"end":{"line":69,"column":30}},"29":{"start":{"line":85,"column":14},"end":{"line":87,"column":20}},"30":{"start":{"line":93,"column":14},"end":{"line":99,"column":21}}},"fnMap":{"0":{"name":"(anonymous_0)","decl":{"start":{"line":10,"column":13},"end":{"line":10,"column":14}},"loc":{"start":{"line":10,"column":19},"end":{"line":106,"column":1}},"line":10},"1":{"name":"(anonymous_1)","decl":{"start":{"line":15,"column":12},"end":{"line":15,"column":13}},"loc":{"start":{"line":15,"column":18},"end":{"line":22,"column":3}},"line":15},"2":{"name":"(anonymous_2)","decl":{"start":{"line":17,"column":24},"end":{"line":17,"column":25}},"loc":{"start":{"line":17,"column":34},"end":{"line":21,"column":7}},"line":17},"3":{"name":"(anonymous_3)","decl":{"start":{"line":26,"column":20},"end":{"line":26,"column":21}},"loc":{"start":{"line":26,"column":32},"end":{"line":44,"column":3}},"line":26},"4":{"name":"(anonymous_4)","decl":{"start":{"line":33,"column":8},"end":{"line":33,"column":9}},"loc":{"start":{"line":33,"column":20},"end":{"line":33,"column":74}},"line":33},"5":{"name":"(anonymous_5)","decl":{"start":{"line":38,"column":8},"end":{"line":38,"column":9}},"loc":{"start":{"line":38,"column":17},"end":{"line":38,"column":25}},"line":38},"6":{"name":"(anonymous_6)","decl":{"start":{"line":56,"column":20},"end":{"line":56,"column":21}},"loc":{"start":{"line":56,"column":27},"end":{"line":58,"column":11}},"line":56},"7":{"name":"(anonymous_7)","decl":{"start":{"line":62,"column":19},"end":{"line":62,"column":20}},"loc":{"start":{"line":62,"column":26},"end":{"line":72,"column":11}},"line":62},"8":{"name":"(anonymous_8)","decl":{"start":{"line":65,"column":41},"end":{"line":65,"column":42}},"loc":{"start":{"line":66,"column":14},"end":{"line":66,"column":74}},"line":66},"9":{"name":"(anonymous_9)","decl":{"start":{"line":84,"column":41},"end":{"line":84,"column":42}},"loc":{"start":{"line":85,"column":14},"end":{"line":87,"column":20}},"line":85},"10":{"name":"(anonymous_10)","decl":{"start":{"line":92,"column":21},"end":{"line":92,"column":22}},"loc":{"start":{"line":93,"column":14},"end":{"line":99,"column":21}},"line":93}},"branchMap":{"0":{"loc":{"start":{"line":16,"column":4},"end":{"line":21,"column":8}},"type":"binary-expr","locations":[{"start":{"line":16,"column":4},"end":{"line":16,"column":10}},{"start":{"line":17,"column":6},"end":{"line":21,"column":8}}],"line":16},"1":{"loc":{"start":{"line":33,"column":20},"end":{"line":33,"column":74}},"type":"binary-expr","locations":[{"start":{"line":33,"column":20},"end":{"line":33,"column":49}},{"start":{"line":33,"column":54},"end":{"line":33,"column":73}}],"line":33},"2":{"loc":{"start":{"line":46,"column":2},"end":{"line":46,"column":42}},"type":"if","locations":[{"start":{"line":46,"column":2},"end":{"line":46,"column":42}},{"start":{},"end":{}}],"line":46},"3":{"loc":{"start":{"line":68,"column":12},"end":{"line":68,"column":55}},"type":"cond-expr","locations":[{"start":{"line":68,"column":34},"end":{"line":68,"column":50}},{"start":{"line":68,"column":53},"end":{"line":68,"column":55}}],"line":68},"4":{"loc":{"start":{"line":82,"column":9},"end":{"line":102,"column":9}},"type":"cond-expr","locations":[{"start":{"line":83,"column":10},"end":{"line":89,"column":16}},{"start":{"line":91,"column":10},"end":{"line":101,"column":16}}],"line":82},"5":{"loc":{"start":{"line":98,"column":17},"end":{"line":98,"column":91}},"type":"cond-expr","locations":[{"start":{"line":98,"column":27},"end":{"line":98,"column":61}},{"start":{"line":98,"column":64},"end":{"line":98,"column":91}}],"line":98}},"s":{"0":1,"1":1,"2":4,"3":4,"4":4,"5":4,"6":1,"7":1,"8":1,"9":4,"10":4,"11":1,"12":1,"13":1,"14":1,"15":1,"16":10,"17":1,"18":8,"19":1,"20":0,"21":4,"22":0,"23":4,"24":1,"25":1,"26":8,"27":1,"28":1,"29":8,"30":18},"f":{"0":4,"1":1,"2":1,"3":1,"4":10,"5":8,"6":1,"7":1,"8":8,"9":8,"10":18},"b":{"0":[1,1],"1":[10,1],"2":[0,4],"3":[1,0],"4":[1,3],"5":[14,4]},"_coverageSchema":"1a1c01bbd47fc00a2c39e90264f33305004495a9","hash":"9b604fc3cfcb5da1b0af40d08abe5589a8a85329"}
,"D:\\React deep dive 2 nov 2024\\src\\Components\\Contact.js": {"path":"D:\\React deep dive 2 nov 2024\\src\\Components\\Contact.js","statementMap":{"0":{"start":{"line":1,"column":16},"end":{"line":10,"column":1}},"1":{"start":{"line":2,"column":4},"end":{"line":9,"column":5}}},"fnMap":{"0":{"name":"(anonymous_0)","decl":{"start":{"line":1,"column":16},"end":{"line":1,"column":17}},"loc":{"start":{"line":1,"column":20},"end":{"line":10,"column":1}},"line":1}},"branchMap":{},"s":{"0":1,"1":3},"f":{"0":3},"b":{},"_coverageSchema":"1a1c01bbd47fc00a2c39e90264f33305004495a9","hash":"969e105a7023d9ab393d9704e28e4014efdcd34c"}
,"D:\\React deep dive 2 nov 2024\\src\\Components\\DialogBox.js": {"path":"D:\\React deep dive 2 nov 2024\\src\\Components\\DialogBox.js","statementMap":{"0":{"start":{"line":6,"column":18},"end":{"line":39,"column":1}},"1":{"start":{"line":7,"column":21},"end":{"line":7,"column":34}},"2":{"start":{"line":8,"column":29},"end":{"line":8,"column":73}},"3":{"start":{"line":8,"column":50},"end":{"line":8,"column":72}},"4":{"start":{"line":9,"column":22},"end":{"line":9,"column":62}},"5":{"start":{"line":9,"column":43},"end":{"line":9,"column":61}},"6":{"start":{"line":10,"column":4},"end":{"line":10,"column":54}},"7":{"start":{"line":11,"column":24},"end":{"line":11,"column":50}},"8":{"start":{"line":12,"column":4},"end":{"line":12,"column":65}},"9":{"start":{"line":13,"column":2},"end":{"line":38,"column":4}},"10":{"start":{"line":15,"column":23},"end":{"line":15,"column":61}},"11":{"start":{"line":16,"column":27},"end":{"line":16,"column":46}},"12":{"start":{"line":24,"column":35},"end":{"line":24,"column":73}},"13":{"start":{"line":26,"column":16},"end":{"line":26,"column":43}},"14":{"start":{"line":27,"column":16},"end":{"line":27,"column":52}},"15":{"start":{"line":28,"column":16},"end":{"line":28,"column":39}},"16":{"start":{"line":29,"column":16},"end":{"line":29,"column":45}},"17":{"start":{"line":31,"column":16},"end":{"line":31,"column":55}}},"fnMap":{"0":{"name":"(anonymous_0)","decl":{"start":{"line":6,"column":18},"end":{"line":6,"column":19}},"loc":{"start":{"line":6,"column":24},"end":{"line":39,"column":1}},"line":6},"1":{"name":"(anonymous_1)","decl":{"start":{"line":8,"column":41},"end":{"line":8,"column":42}},"loc":{"start":{"line":8,"column":50},"end":{"line":8,"column":72}},"line":8},"2":{"name":"(anonymous_2)","decl":{"start":{"line":9,"column":34},"end":{"line":9,"column":35}},"loc":{"start":{"line":9,"column":43},"end":{"line":9,"column":61}},"line":9},"3":{"name":"(anonymous_3)","decl":{"start":{"line":15,"column":18},"end":{"line":15,"column":19}},"loc":{"start":{"line":15,"column":23},"end":{"line":15,"column":61}},"line":15},"4":{"name":"(anonymous_4)","decl":{"start":{"line":16,"column":20},"end":{"line":16,"column":21}},"loc":{"start":{"line":16,"column":27},"end":{"line":16,"column":46}},"line":16},"5":{"name":"(anonymous_5)","decl":{"start":{"line":24,"column":31},"end":{"line":24,"column":32}},"loc":{"start":{"line":24,"column":35},"end":{"line":24,"column":73}},"line":24},"6":{"name":"(anonymous_6)","decl":{"start":{"line":25,"column":31},"end":{"line":25,"column":32}},"loc":{"start":{"line":25,"column":35},"end":{"line":32,"column":15}},"line":25}},"branchMap":{},"s":{"0":1,"1":1,"2":1,"3":8,"4":1,"5":8,"6":1,"7":1,"8":1,"9":1,"10":0,"11":0,"12":0,"13":0,"14":0,"15":0,"16":0,"17":0},"f":{"0":1,"1":8,"2":8,"3":0,"4":0,"5":0,"6":0},"b":{},"_coverageSchema":"1a1c01bbd47fc00a2c39e90264f33305004495a9","hash":"96fd3576d4a452385885de4d8350400b44d58412"}
,"D:\\React deep dive 2 nov 2024\\src\\Components\\Nav.js": {"path":"D:\\React deep dive 2 nov 2024\\src\\Components\\Nav.js","statementMap":{"0":{"start":{"line":9,"column":15},"end":{"line":78,"column":1}},"1":{"start":{"line":10,"column":22},"end":{"line":10,"column":41}},"2":{"start":{"line":11,"column":32},"end":{"line":11,"column":51}},"3":{"start":{"line":12,"column":17},"end":{"line":12,"column":34}},"4":{"start":{"line":15,"column":15},"end":{"line":15,"column":54}},"5":{"start":{"line":15,"column":37},"end":{"line":15,"column":53}},"6":{"start":{"line":17,"column":2},"end":{"line":77,"column":4}},"7":{"start":{"line":66,"column":16},"end":{"line":68,"column":42}}},"fnMap":{"0":{"name":"(anonymous_0)","decl":{"start":{"line":9,"column":15},"end":{"line":9,"column":16}},"loc":{"start":{"line":9,"column":21},"end":{"line":78,"column":1}},"line":9},"1":{"name":"(anonymous_1)","decl":{"start":{"line":15,"column":27},"end":{"line":15,"column":28}},"loc":{"start":{"line":15,"column":37},"end":{"line":15,"column":53}},"line":15},"2":{"name":"(anonymous_2)","decl":{"start":{"line":65,"column":23},"end":{"line":65,"column":24}},"loc":{"start":{"line":65,"column":29},"end":{"line":69,"column":15}},"line":65}},"branchMap":{"0":{"loc":{"start":{"line":25,"column":23},"end":{"line":25,"column":55}},"type":"cond-expr","locations":[{"start":{"line":25,"column":32},"end":{"line":25,"column":41}},{"start":{"line":25,"column":44},"end":{"line":25,"column":55}}],"line":25},"1":{"loc":{"start":{"line":66,"column":16},"end":{"line":68,"column":41}},"type":"cond-expr","locations":[{"start":{"line":67,"column":20},"end":{"line":67,"column":40}},{"start":{"line":68,"column":20},"end":{"line":68,"column":41}}],"line":66}},"s":{"0":2,"1":10,"2":10,"3":10,"4":10,"5":20,"6":10,"7":1},"f":{"0":10,"1":20,"2":1},"b":{"0":[10,0],"1":[1,0]},"_coverageSchema":"1a1c01bbd47fc00a2c39e90264f33305004495a9","hash":"d75e6482b06425a29cd8480c40848db2ea1ed1d0"}
,"D:\\React deep dive 2 nov 2024\\src\\Components\\ResMenuCards.js": {"path":"D:\\React deep dive 2 nov 2024\\src\\Components\\ResMenuCards.js","statementMap":{"0":{"start":{"line":9,"column":20},"end":{"line":109,"column":1}},"1":{"start":{"line":10,"column":22},"end":{"line":10,"column":48}},"2":{"start":{"line":11,"column":15},"end":{"line":11,"column":51}},"3":{"start":{"line":11,"column":35},"end":{"line":11,"column":50}},"4":{"start":{"line":12,"column":16},"end":{"line":12,"column":52}},"5":{"start":{"line":12,"column":35},"end":{"line":12,"column":51}},"6":{"start":{"line":14,"column":19},"end":{"line":14,"column":32}},"7":{"start":{"line":15,"column":25},"end":{"line":17,"column":3}},"8":{"start":{"line":16,"column":4},"end":{"line":16,"column":31}},"9":{"start":{"line":19,"column":25},"end":{"line":19,"column":74}},"10":{"start":{"line":19,"column":40},"end":{"line":19,"column":51}},"11":{"start":{"line":22,"column":2},"end":{"line":108,"column":4}},"12":{"start":{"line":50,"column":10},"end":{"line":50,"column":53}},"13":{"start":{"line":51,"column":21},"end":{"line":51,"column":29}},"14":{"start":{"line":52,"column":10},"end":{"line":57,"column":11}},"15":{"start":{"line":53,"column":12},"end":{"line":53,"column":27}},"16":{"start":{"line":54,"column":12},"end":{"line":54,"column":50}},"17":{"start":{"line":56,"column":12},"end":{"line":56,"column":36}},"18":{"start":{"line":58,"column":10},"end":{"line":58,"column":45}},"19":{"start":{"line":69,"column":16},"end":{"line":69,"column":53}},"20":{"start":{"line":83,"column":143},"end":{"line":83,"column":171}},"21":{"start":{"line":87,"column":16},"end":{"line":87,"column":56}}},"fnMap":{"0":{"name":"(anonymous_0)","decl":{"start":{"line":9,"column":20},"end":{"line":9,"column":21}},"loc":{"start":{"line":9,"column":41},"end":{"line":109,"column":1}},"line":9},"1":{"name":"(anonymous_1)","decl":{"start":{"line":11,"column":27},"end":{"line":11,"column":28}},"loc":{"start":{"line":11,"column":35},"end":{"line":11,"column":50}},"line":11},"2":{"name":"(anonymous_2)","decl":{"start":{"line":12,"column":28},"end":{"line":12,"column":29}},"loc":{"start":{"line":12,"column":35},"end":{"line":12,"column":51}},"line":12},"3":{"name":"(anonymous_3)","decl":{"start":{"line":15,"column":25},"end":{"line":15,"column":26}},"loc":{"start":{"line":15,"column":36},"end":{"line":17,"column":3}},"line":15},"4":{"name":"(anonymous_4)","decl":{"start":{"line":19,"column":35},"end":{"line":19,"column":36}},"loc":{"start":{"line":19,"column":40},"end":{"line":19,"column":51}},"line":19},"5":{"name":"(anonymous_5)","decl":{"start":{"line":49,"column":17},"end":{"line":49,"column":18}},"loc":{"start":{"line":49,"column":21},"end":{"line":61,"column":9}},"line":49},"6":{"name":"(anonymous_6)","decl":{"start":{"line":67,"column":23},"end":{"line":67,"column":24}},"loc":{"start":{"line":67,"column":29},"end":{"line":70,"column":15}},"line":67},"7":{"name":"(anonymous_7)","decl":{"start":{"line":83,"column":138},"end":{"line":83,"column":139}},"loc":{"start":{"line":83,"column":143},"end":{"line":83,"column":171}},"line":83},"8":{"name":"(anonymous_8)","decl":{"start":{"line":86,"column":23},"end":{"line":86,"column":24}},"loc":{"start":{"line":86,"column":29},"end":{"line":88,"column":15}},"line":86}},"branchMap":{"0":{"loc":{"start":{"line":25,"column":13},"end":{"line":25,"column":56}},"type":"cond-expr","locations":[{"start":{"line":25,"column":30},"end":{"line":25,"column":40}},{"start":{"line":25,"column":43},"end":{"line":25,"column":56}}],"line":25},"1":{"loc":{"start":{"line":38,"column":9},"end":{"line":46,"column":9}},"type":"cond-expr","locations":[{"start":{"line":39,"column":10},"end":{"line":43,"column":12}},{"start":{"line":45,"column":10},"end":{"line":45,"column":21}}],"line":38},"2":{"loc":{"start":{"line":48,"column":10},"end":{"line":105,"column":14}},"type":"cond-expr","locations":[{"start":{"line":48,"column":35},"end":{"line":64,"column":14}},{"start":{"line":65,"column":8},"end":{"line":105,"column":14}}],"line":48},"3":{"loc":{"start":{"line":52,"column":10},"end":{"line":57,"column":11}},"type":"if","locations":[{"start":{"line":52,"column":10},"end":{"line":57,"column":11}},{"start":{"line":55,"column":17},"end":{"line":57,"column":11}}],"line":52},"4":{"loc":{"start":{"line":52,"column":14},"end":{"line":52,"column":81}},"type":"binary-expr","locations":[{"start":{"line":52,"column":14},"end":{"line":52,"column":30}},{"start":{"line":52,"column":35},"end":{"line":52,"column":80}}],"line":52}},"s":{"0":1,"1":606,"2":606,"3":1313,"4":606,"5":1313,"6":606,"7":606,"8":1,"9":606,"10":505,"11":606,"12":1,"13":1,"14":1,"15":0,"16":0,"17":1,"18":1,"19":0,"20":10,"21":4},"f":{"0":606,"1":1313,"2":1313,"3":1,"4":505,"5":1,"6":0,"7":10,"8":4},"b":{"0":[390,216],"1":[120,486],"2":[596,10],"3":[0,1],"4":[1,0]},"_coverageSchema":"1a1c01bbd47fc00a2c39e90264f33305004495a9","hash":"668067039b68d72c6c5eb4278ad9483fa850cef9"}
,"D:\\React deep dive 2 nov 2024\\src\\Components\\RestCart.js": {"path":"D:\\React deep dive 2 nov 2024\\src\\Components\\RestCart.js","statementMap":{"0":{"start":{"line":3,"column":17},"end":{"line":29,"column":1}},"1":{"start":{"line":11,"column":6},"end":{"line":11,"column":14}},"2":{"start":{"line":12,"column":2},"end":{"line":28,"column":4}},"3":{"start":{"line":31,"column":33},"end":{"line":38,"column":1}},"4":{"start":{"line":32,"column":2},"end":{"line":37,"column":4}},"5":{"start":{"line":33,"column":4},"end":{"line":36,"column":9}}},"fnMap":{"0":{"name":"(anonymous_0)","decl":{"start":{"line":3,"column":17},"end":{"line":3,"column":18}},"loc":{"start":{"line":3,"column":35},"end":{"line":29,"column":1}},"line":3},"1":{"name":"(anonymous_1)","decl":{"start":{"line":31,"column":33},"end":{"line":31,"column":34}},"loc":{"start":{"line":31,"column":52},"end":{"line":38,"column":1}},"line":31},"2":{"name":"(anonymous_2)","decl":{"start":{"line":32,"column":9},"end":{"line":32,"column":10}},"loc":{"start":{"line":32,"column":20},"end":{"line":37,"column":3}},"line":32}},"branchMap":{},"s":{"0":2,"1":20,"2":20,"3":2,"4":2,"5":15},"f":{"0":20,"1":2,"2":15},"b":{},"_coverageSchema":"1a1c01bbd47fc00a2c39e90264f33305004495a9","hash":"8db4a87070133cc80f096b33bed6dc4c87e7c7b7"}
,"D:\\React deep dive 2 nov 2024\\src\\Components\\RestaurantMenu.js": {"path":"D:\\React deep dive 2 nov 2024\\src\\Components\\RestaurantMenu.js","statementMap":{"0":{"start":{"line":13,"column":23},"end":{"line":78,"column":1}},"1":{"start":{"line":14,"column":20},"end":{"line":14,"column":31}},"2":{"start":{"line":15,"column":18},"end":{"line":15,"column":46}},"3":{"start":{"line":16,"column":41},"end":{"line":16,"column":53}},"4":{"start":{"line":17,"column":43},"end":{"line":17,"column":58}},"5":{"start":{"line":18,"column":43},"end":{"line":18,"column":61}},"6":{"start":{"line":20,"column":19},"end":{"line":20,"column":32}},"7":{"start":{"line":22,"column":2},"end":{"line":33,"column":6}},"8":{"start":{"line":23,"column":4},"end":{"line":33,"column":6}},"9":{"start":{"line":30,"column":12},"end":{"line":30,"column":27}},"10":{"start":{"line":35,"column":19},"end":{"line":35,"column":79}},"11":{"start":{"line":36,"column":15},"end":{"line":39,"column":3}},"12":{"start":{"line":38,"column":6},"end":{"line":38,"column":99}},"13":{"start":{"line":40,"column":18},"end":{"line":40,"column":59}},"14":{"start":{"line":40,"column":36},"end":{"line":40,"column":58}},"15":{"start":{"line":41,"column":2},"end":{"line":41,"column":58}},"16":{"start":{"line":45,"column":2},"end":{"line":77,"column":4}},"17":{"start":{"line":55,"column":27},"end":{"line":55,"column":36}},"18":{"start":{"line":56,"column":10},"end":{"line":73,"column":12}},"19":{"start":{"line":66,"column":18},"end":{"line":68,"column":49}},"20":{"start":{"line":69,"column":18},"end":{"line":69,"column":64}}},"fnMap":{"0":{"name":"(anonymous_0)","decl":{"start":{"line":13,"column":23},"end":{"line":13,"column":24}},"loc":{"start":{"line":13,"column":29},"end":{"line":78,"column":1}},"line":13},"1":{"name":"(anonymous_1)","decl":{"start":{"line":29,"column":16},"end":{"line":29,"column":17}},"loc":{"start":{"line":30,"column":12},"end":{"line":30,"column":27}},"line":30},"2":{"name":"(anonymous_2)","decl":{"start":{"line":37,"column":4},"end":{"line":37,"column":5}},"loc":{"start":{"line":38,"column":6},"end":{"line":38,"column":99}},"line":38},"3":{"name":"(anonymous_3)","decl":{"start":{"line":40,"column":27},"end":{"line":40,"column":28}},"loc":{"start":{"line":40,"column":36},"end":{"line":40,"column":58}},"line":40},"4":{"name":"(anonymous_4)","decl":{"start":{"line":54,"column":19},"end":{"line":54,"column":20}},"loc":{"start":{"line":54,"column":31},"end":{"line":74,"column":9}},"line":54},"5":{"name":"(anonymous_5)","decl":{"start":{"line":64,"column":38},"end":{"line":64,"column":39}},"loc":{"start":{"line":64,"column":67},"end":{"line":70,"column":17}},"line":64}},"branchMap":{"0":{"loc":{"start":{"line":22,"column":2},"end":{"line":33,"column":6}},"type":"if","locations":[{"start":{"line":22,"column":2},"end":{"line":33,"column":6}},{"start":{},"end":{}}],"line":22},"1":{"loc":{"start":{"line":41,"column":2},"end":{"line":41,"column":57}},"type":"cond-expr","locations":[{"start":{"line":41,"column":30},"end":{"line":41,"column":52}},{"start":{"line":41,"column":55},"end":{"line":41,"column":57}}],"line":41},"2":{"loc":{"start":{"line":63,"column":31},"end":{"line":63,"column":65}},"type":"cond-expr","locations":[{"start":{"line":63,"column":53},"end":{"line":63,"column":58}},{"start":{"line":63,"column":61},"end":{"line":63,"column":65}}],"line":63},"3":{"loc":{"start":{"line":66,"column":18},"end":{"line":68,"column":48}},"type":"cond-expr","locations":[{"start":{"line":67,"column":23},"end":{"line":67,"column":50}},{"start":{"line":68,"column":23},"end":{"line":68,"column":47}}],"line":66}},"s":{"0":1,"1":5,"2":4,"3":4,"4":4,"5":4,"6":4,"7":4,"8":1,"9":5,"10":3,"11":3,"12":42,"13":3,"14":21,"15":3,"16":3,"17":21,"18":21,"19":0,"20":0},"f":{"0":5,"1":5,"2":42,"3":21,"4":21,"5":0},"b":{"0":[1,3],"1":[1,2],"2":[21,0],"3":[0,0]},"_coverageSchema":"1a1c01bbd47fc00a2c39e90264f33305004495a9","hash":"bd440479b7d29f9febc6c60886eaf1d054b109e3"}
,"D:\\React deep dive 2 nov 2024\\src\\Components\\Shimmer-ui.js": {"path":"D:\\React deep dive 2 nov 2024\\src\\Components\\Shimmer-ui.js","statementMap":{"0":{"start":{"line":1,"column":16},"end":{"line":11,"column":1}},"1":{"start":{"line":2,"column":2},"end":{"line":10,"column":4}}},"fnMap":{"0":{"name":"(anonymous_0)","decl":{"start":{"line":1,"column":16},"end":{"line":1,"column":17}},"loc":{"start":{"line":1,"column":22},"end":{"line":11,"column":1}},"line":1}},"branchMap":{},"s":{"0":1,"1":8},"f":{"0":8},"b":{},"_coverageSchema":"1a1c01bbd47fc00a2c39e90264f33305004495a9","hash":"411f503fa2ec3daed2df942add3086da81a953ec"}
,"D:\\React deep dive 2 nov 2024\\src\\Components\\ShimmerMenu.js": {"path":"D:\\React deep dive 2 nov 2024\\src\\Components\\ShimmerMenu.js","statementMap":{"0":{"start":{"line":1,"column":21},"end":{"line":14,"column":1}},"1":{"start":{"line":2,"column":4},"end":{"line":13,"column":6}}},"fnMap":{"0":{"name":"(anonymous_0)","decl":{"start":{"line":1,"column":21},"end":{"line":1,"column":22}},"loc":{"start":{"line":1,"column":25},"end":{"line":14,"column":1}},"line":1}},"branchMap":{},"s":{"0":1,"1":6},"f":{"0":6},"b":{},"_coverageSchema":"1a1c01bbd47fc00a2c39e90264f33305004495a9","hash":"bce10564007e56abc4e16f279bd1e0dd5de142ba"}
,"D:\\React deep dive 2 nov 2024\\src\\Components\\sum.js": {"path":"D:\\React deep dive 2 nov 2024\\src\\Components\\sum.js","statementMap":{"0":{"start":{"line":1,"column":19},"end":{"line":3,"column":1}},"1":{"start":{"line":2,"column":4},"end":{"line":2,"column":22}}},"fnMap":{"0":{"name":"(anonymous_0)","decl":{"start":{"line":1,"column":19},"end":{"line":1,"column":20}},"loc":{"start":{"line":1,"column":31},"end":{"line":3,"column":1}},"line":1}},"branchMap":{},"s":{"0":1,"1":1},"f":{"0":1},"b":{},"_coverageSchema":"1a1c01bbd47fc00a2c39e90264f33305004495a9","hash":"622b5d47b6c973f77adb444ded3f77dd1300f9ba"}
,"D:\\React deep dive 2 nov 2024\\src\\config\\StyledJSXElememnt.js": {"path":"D:\\React deep dive 2 nov 2024\\src\\config\\StyledJSXElememnt.js","statementMap":{"0":{"start":{"line":1,"column":24},"end":{"line":7,"column":1}},"1":{"start":{"line":2,"column":4},"end":{"line":6,"column":6}}},"fnMap":{"0":{"name":"(anonymous_0)","decl":{"start":{"line":1,"column":24},"end":{"line":1,"column":25}},"loc":{"start":{"line":1,"column":42},"end":{"line":7,"column":1}},"line":1}},"branchMap":{},"s":{"0":2,"1":60},"f":{"0":60},"b":{},"_coverageSchema":"1a1c01bbd47fc00a2c39e90264f33305004495a9","hash":"e5af2b2279a7b8cecd31bf400a9317e2ca53cfe7"}
,"D:\\React deep dive 2 nov 2024\\src\\config\\useOnlineStatus.js": {"path":"D:\\React deep dive 2 nov 2024\\src\\config\\useOnlineStatus.js","statementMap":{"0":{"start":{"line":3,"column":24},"end":{"line":16,"column":1}},"1":{"start":{"line":4,"column":42},"end":{"line":4,"column":68}},"2":{"start":{"line":6,"column":2},"end":{"line":13,"column":8}},"3":{"start":{"line":7,"column":4},"end":{"line":9,"column":7}},"4":{"start":{"line":8,"column":6},"end":{"line":8,"column":29}},"5":{"start":{"line":10,"column":4},"end":{"line":12,"column":7}},"6":{"start":{"line":11,"column":6},"end":{"line":11,"column":28}},"7":{"start":{"line":15,"column":2},"end":{"line":15,"column":22}}},"fnMap":{"0":{"name":"(anonymous_0)","decl":{"start":{"line":3,"column":24},"end":{"line":3,"column":25}},"loc":{"start":{"line":3,"column":30},"end":{"line":16,"column":1}},"line":3},"1":{"name":"(anonymous_1)","decl":{"start":{"line":6,"column":12},"end":{"line":6,"column":13}},"loc":{"start":{"line":6,"column":18},"end":{"line":13,"column":3}},"line":6},"2":{"name":"(anonymous_2)","decl":{"start":{"line":7,"column":39},"end":{"line":7,"column":40}},"loc":{"start":{"line":7,"column":45},"end":{"line":9,"column":5}},"line":7},"3":{"name":"(anonymous_3)","decl":{"start":{"line":10,"column":38},"end":{"line":10,"column":39}},"loc":{"start":{"line":10,"column":44},"end":{"line":12,"column":5}},"line":10}},"branchMap":{},"s":{"0":3,"1":14,"2":14,"3":5,"4":0,"5":5,"6":0,"7":14},"f":{"0":14,"1":5,"2":0,"3":0},"b":{},"_coverageSchema":"1a1c01bbd47fc00a2c39e90264f33305004495a9","hash":"f458b705d83a772dee30f0e0883e4836cdc93a56"}
,"D:\\React deep dive 2 nov 2024\\src\\config\\useRestaurantMenudata.js": {"path":"D:\\React deep dive 2 nov 2024\\src\\config\\useRestaurantMenudata.js","statementMap":{"0":{"start":{"line":4,"column":31},"end":{"line":20,"column":1}},"1":{"start":{"line":5,"column":33},"end":{"line":5,"column":47}},"2":{"start":{"line":7,"column":4},"end":{"line":9,"column":9}},"3":{"start":{"line":8,"column":8},"end":{"line":8,"column":20}},"4":{"start":{"line":11,"column":22},"end":{"line":15,"column":5}},"5":{"start":{"line":12,"column":25},"end":{"line":12,"column":54}},"6":{"start":{"line":13,"column":21},"end":{"line":13,"column":42}},"7":{"start":{"line":14,"column":8},"end":{"line":14,"column":30}},"8":{"start":{"line":19,"column":4},"end":{"line":19,"column":19}}},"fnMap":{"0":{"name":"(anonymous_0)","decl":{"start":{"line":4,"column":31},"end":{"line":4,"column":32}},"loc":{"start":{"line":4,"column":40},"end":{"line":20,"column":1}},"line":4},"1":{"name":"(anonymous_1)","decl":{"start":{"line":7,"column":14},"end":{"line":7,"column":15}},"loc":{"start":{"line":7,"column":18},"end":{"line":9,"column":5}},"line":7},"2":{"name":"(anonymous_2)","decl":{"start":{"line":11,"column":22},"end":{"line":11,"column":23}},"loc":{"start":{"line":11,"column":32},"end":{"line":15,"column":5}},"line":11}},"branchMap":{},"s":{"0":1,"1":4,"2":4,"3":1,"4":4,"5":1,"6":1,"7":1,"8":4},"f":{"0":4,"1":1,"2":1},"b":{},"_coverageSchema":"1a1c01bbd47fc00a2c39e90264f33305004495a9","hash":"f7533ffff518776289317b90befc2b06a1dd2af2"}
,"D:\\React deep dive 2 nov 2024\\src\\config\\userContext.js": {"path":"D:\\React deep dive 2 nov 2024\\src\\config\\userContext.js","statementMap":{"0":{"start":{"line":3,"column":16},"end":{"line":3,"column":50}},"1":{"start":{"line":6,"column":30},"end":{"line":6,"column":52}}},"fnMap":{},"branchMap":{},"s":{"0":2,"1":2},"f":{},"b":{},"_coverageSchema":"1a1c01bbd47fc00a2c39e90264f33305004495a9","hash":"b64ea4bdc2e61a6dc6b9b09217bd234841ced667"}
,"D:\\React deep dive 2 nov 2024\\src\\config\\utils.js": {"path":"D:\\React deep dive 2 nov 2024\\src\\config\\utils.js","statementMap":{"0":{"start":{"line":1,"column":24},"end":{"line":1,"column":149}},"1":{"start":{"line":2,"column":30},"end":{"line":2,"column":113}},"2":{"start":{"line":3,"column":31},"end":{"line":3,"column":165}},"3":{"start":{"line":4,"column":24},"end":{"line":4,"column":143}},"4":{"start":{"line":5,"column":31},"end":{"line":5,"column":76}},"5":{"start":{"line":6,"column":29},"end":{"line":6,"column":124}},"6":{"start":{"line":7,"column":29},"end":{"line":7,"column":125}}},"fnMap":{},"branchMap":{},"s":{"0":4,"1":4,"2":4,"3":4,"4":4,"5":4,"6":4},"f":{},"b":{},"_coverageSchema":"1a1c01bbd47fc00a2c39e90264f33305004495a9","hash":"9e925f8b7c8b6192cce8e5fb1f82743dae7e2d5e"}
,"D:\\React deep dive 2 nov 2024\\src\\config\\reduxStore\\cartSlice.js": {"path":"D:\\React deep dive 2 nov 2024\\src\\config\\reduxStore\\cartSlice.js","statementMap":{"0":{"start":{"line":3,"column":18},"end":{"line":57,"column":2}},"1":{"start":{"line":13,"column":20},"end":{"line":13,"column":59}},"2":{"start":{"line":14,"column":6},"end":{"line":18,"column":7}},"3":{"start":{"line":15,"column":8},"end":{"line":17,"column":11}},"4":{"start":{"line":16,"column":10},"end":{"line":16,"column":53}},"5":{"start":{"line":20,"column":6},"end":{"line":22,"column":45}},"6":{"start":{"line":25,"column":6},"end":{"line":25,"column":71}},"7":{"start":{"line":28,"column":6},"end":{"line":28,"column":57}},"8":{"start":{"line":28,"column":35},"end":{"line":28,"column":57}},"9":{"start":{"line":29,"column":6},"end":{"line":33,"column":7}},"10":{"start":{"line":30,"column":8},"end":{"line":30,"column":46}},"11":{"start":{"line":32,"column":8},"end":{"line":32,"column":42}},"12":{"start":{"line":36,"column":6},"end":{"line":36,"column":29}},"13":{"start":{"line":40,"column":6},"end":{"line":44,"column":7}},"14":{"start":{"line":41,"column":8},"end":{"line":41,"column":39}},"15":{"start":{"line":42,"column":13},"end":{"line":44,"column":7}},"16":{"start":{"line":43,"column":8},"end":{"line":43,"column":39}},"17":{"start":{"line":47,"column":6},"end":{"line":47,"column":28}},"18":{"start":{"line":50,"column":6},"end":{"line":50,"column":16}},"19":{"start":{"line":50,"column":13},"end":{"line":50,"column":16}},"20":{"start":{"line":51,"column":6},"end":{"line":51,"column":29}},"21":{"start":{"line":54,"column":6},"end":{"line":54,"column":41}},"22":{"start":{"line":68,"column":4},"end":{"line":68,"column":21}}},"fnMap":{"0":{"name":"(anonymous_0)","decl":{"start":{"line":11,"column":13},"end":{"line":11,"column":14}},"loc":{"start":{"line":11,"column":32},"end":{"line":23,"column":5}},"line":11},"1":{"name":"(anonymous_1)","decl":{"start":{"line":15,"column":44},"end":{"line":15,"column":45}},"loc":{"start":{"line":15,"column":53},"end":{"line":17,"column":9}},"line":15},"2":{"name":"(anonymous_2)","decl":{"start":{"line":24,"column":19},"end":{"line":24,"column":20}},"loc":{"start":{"line":24,"column":38},"end":{"line":26,"column":5}},"line":24},"3":{"name":"(anonymous_3)","decl":{"start":{"line":27,"column":16},"end":{"line":27,"column":17}},"loc":{"start":{"line":27,"column":35},"end":{"line":34,"column":5}},"line":27},"4":{"name":"(anonymous_4)","decl":{"start":{"line":35,"column":20},"end":{"line":35,"column":21}},"loc":{"start":{"line":35,"column":31},"end":{"line":37,"column":5}},"line":35},"5":{"name":"(anonymous_5)","decl":{"start":{"line":38,"column":13},"end":{"line":38,"column":14}},"loc":{"start":{"line":38,"column":32},"end":{"line":45,"column":5}},"line":38},"6":{"name":"(anonymous_6)","decl":{"start":{"line":46,"column":16},"end":{"line":46,"column":17}},"loc":{"start":{"line":46,"column":27},"end":{"line":48,"column":5}},"line":46},"7":{"name":"(anonymous_7)","decl":{"start":{"line":49,"column":15},"end":{"line":49,"column":16}},"loc":{"start":{"line":49,"column":26},"end":{"line":52,"column":5}},"line":49},"8":{"name":"(anonymous_8)","decl":{"start":{"line":53,"column":24},"end":{"line":53,"column":25}},"loc":{"start":{"line":53,"column":43},"end":{"line":55,"column":5}},"line":53}},"branchMap":{"0":{"loc":{"start":{"line":14,"column":6},"end":{"line":18,"column":7}},"type":"if","locations":[{"start":{"line":14,"column":6},"end":{"line":18,"column":7}},{"start":{},"end":{}}],"line":14},"1":{"loc":{"start":{"line":20,"column":6},"end":{"line":22,"column":44}},"type":"cond-expr","locations":[{"start":{"line":21,"column":10},"end":{"line":21,"column":61}},{"start":{"line":22,"column":10},"end":{"line":22,"column":44}}],"line":20},"2":{"loc":{"start":{"line":28,"column":6},"end":{"line":28,"column":57}},"type":"if","locations":[{"start":{"line":28,"column":6},"end":{"line":28,"column":57}},{"start":{},"end":{}}],"line":28},"3":{"loc":{"start":{"line":29,"column":6},"end":{"line":33,"column":7}},"type":"if","locations":[{"start":{"line":29,"column":6},"end":{"line":33,"column":7}},{"start":{"line":31,"column":13},"end":{"line":33,"column":7}}],"line":29},"4":{"loc":{"start":{"line":40,"column":6},"end":{"line":44,"column":7}},"type":"if","locations":[{"start":{"line":40,"column":6},"end":{"line":44,"column":7}},{"start":{"line":42,"column":13},"end":{"line":44,"column":7}}],"line":40},"5":{"loc":{"start":{"line":42,"column":13},"end":{"line":44,"column":7}},"type":"if","locations":[{"start":{"line":42,"column":13},"end":{"line":44,"column":7}},{"start":{},"end":{}}],"line":42}},"s":{"0":2,"1":1,"2":1,"3":0,"4":0,"5":1,"6":4,"7":0,"8":0,"9":0,"10":0,"11":0,"12":0,"13":1,"14":1,"15":0,"16":0,"17":0,"18":0,"19":0,"20":0,"21":0,"22":2},"f":{"0":1,"1":0,"2":4,"3":0,"4":0,"5":1,"6":0,"7":0,"8":0},"b":{"0":[0,1],"1":[0,1],"2":[0,0],"3":[0,0],"4":[1,0],"5":[0,0]},"_coverageSchema":"1a1c01bbd47fc00a2c39e90264f33305004495a9","hash":"d212d7b6cda60930468bb613ca57c141a6b7f82c"}
,"D:\\React deep dive 2 nov 2024\\src\\config\\reduxStore\\dataSlice.js": {"path":"D:\\React deep dive 2 nov 2024\\src\\config\\reduxStore\\dataSlice.js","statementMap":{"0":{"start":{"line":3,"column":18},"end":{"line":13,"column":2}},"1":{"start":{"line":10,"column":12},"end":{"line":10,"column":37}},"2":{"start":{"line":15,"column":25},"end":{"line":15,"column":42}}},"fnMap":{"0":{"name":"(anonymous_0)","decl":{"start":{"line":9,"column":16},"end":{"line":9,"column":17}},"loc":{"start":{"line":9,"column":32},"end":{"line":11,"column":9}},"line":9}},"branchMap":{},"s":{"0":2,"1":0,"2":2},"f":{"0":0},"b":{},"_coverageSchema":"1a1c01bbd47fc00a2c39e90264f33305004495a9","hash":"344501cb2efb3c928cf4d9e35e965f7c19be25d2"}
,"D:\\React deep dive 2 nov 2024\\src\\config\\reduxStore\\store.js": {"path":"D:\\React deep dive 2 nov 2024\\src\\config\\reduxStore\\store.js","statementMap":{"0":{"start":{"line":5,"column":14},"end":{"line":10,"column":2}},"1":{"start":{"line":18,"column":0},"end":{"line":18,"column":19}}},"fnMap":{},"branchMap":{},"s":{"0":2,"1":2},"f":{},"b":{},"_coverageSchema":"1a1c01bbd47fc00a2c39e90264f33305004495a9","hash":"d48b81930f4e5dfaf1325a426195c0bfe2977eb1"}
,"D:\\React deep dive 2 nov 2024\\src\\config\\utilsIcons\\Icons.js": {"path":"D:\\React deep dive 2 nov 2024\\src\\config\\utilsIcons\\Icons.js","statementMap":{"0":{"start":{"line":1,"column":23},"end":{"line":33,"column":1}},"1":{"start":{"line":2,"column":4},"end":{"line":32,"column":5}},"2":{"start":{"line":35,"column":26},"end":{"line":65,"column":1}},"3":{"start":{"line":36,"column":4},"end":{"line":64,"column":5}}},"fnMap":{"0":{"name":"(anonymous_0)","decl":{"start":{"line":1,"column":23},"end":{"line":1,"column":24}},"loc":{"start":{"line":1,"column":27},"end":{"line":33,"column":1}},"line":1},"1":{"name":"(anonymous_1)","decl":{"start":{"line":35,"column":26},"end":{"line":35,"column":27}},"loc":{"start":{"line":35,"column":30},"end":{"line":65,"column":1}},"line":35}},"branchMap":{},"s":{"0":1,"1":390,"2":1,"3":216},"f":{"0":390,"1":216},"b":{},"_coverageSchema":"1a1c01bbd47fc00a2c39e90264f33305004495a9","hash":"1f2a83b9e6d73926cd1c2cdf6f30c49c64d18d6c"}
}
