TN:
SF:src\Components\Accordion.js
FN:3,(anonymous_0)
FN:8,(anonymous_1)
FN:56,(anonymous_2)
FNF:3
FNH:2
FNDA:7,(anonymous_0)
FNDA:0,(anonymous_1)
FNDA:101,(anonymous_2)
DA:3,1
DA:4,7
DA:9,0
DA:10,0
DA:11,0
DA:57,101
LF:6
LH:3
BRDA:10,0,0,0
BRDA:10,0,1,0
BRDA:20,1,0,0
BRDA:20,1,1,7
BRF:4
BRH:1
end_of_record
TN:
SF:src\Components\Body.js
FN:10,(anonymous_0)
FN:15,(anonymous_1)
FN:17,(anonymous_2)
FN:26,(anonymous_3)
FN:33,(anonymous_4)
FN:38,(anonymous_5)
FN:56,(anonymous_6)
FN:62,(anonymous_7)
FN:65,(anonymous_8)
FN:84,(anonymous_9)
FN:92,(anonymous_10)
FNF:11
FNH:11
FNDA:4,(anonymous_0)
FNDA:1,(anonymous_1)
FNDA:1,(anonymous_2)
FNDA:1,(anonymous_3)
FNDA:10,(anonymous_4)
FNDA:8,(anonymous_5)
FNDA:1,(anonymous_6)
FNDA:1,(anonymous_7)
FNDA:8,(anonymous_8)
FNDA:8,(anonymous_9)
FNDA:18,(anonymous_10)
DA:9,1
DA:10,1
DA:11,4
DA:12,4
DA:13,4
DA:15,4
DA:16,1
DA:19,1
DA:20,1
DA:24,4
DA:26,4
DA:27,1
DA:28,1
DA:29,1
DA:30,1
DA:32,1
DA:33,10
DA:35,1
DA:38,8
DA:40,1
DA:42,0
DA:46,4
DA:48,4
DA:57,1
DA:65,1
DA:66,8
DA:68,1
DA:69,1
DA:85,8
DA:93,18
LF:30
LH:29
BRDA:16,0,0,1
BRDA:16,0,1,1
BRDA:33,1,0,10
BRDA:33,1,1,1
BRDA:46,2,0,0
BRDA:46,2,1,4
BRDA:68,3,0,1
BRDA:68,3,1,0
BRDA:82,4,0,1
BRDA:82,4,1,3
BRDA:98,5,0,14
BRDA:98,5,1,4
BRF:12
BRH:10
end_of_record
TN:
SF:src\Components\Contact.js
FN:1,(anonymous_0)
FNF:1
FNH:1
FNDA:3,(anonymous_0)
DA:1,1
DA:2,3
LF:2
LH:2
BRF:0
BRH:0
end_of_record
TN:
SF:src\Components\DialogBox.js
FN:6,(anonymous_0)
FN:8,(anonymous_1)
FN:9,(anonymous_2)
FN:15,(anonymous_3)
FN:16,(anonymous_4)
FN:24,(anonymous_5)
FN:25,(anonymous_6)
FNF:7
FNH:3
FNDA:1,(anonymous_0)
FNDA:8,(anonymous_1)
FNDA:8,(anonymous_2)
FNDA:0,(anonymous_3)
FNDA:0,(anonymous_4)
FNDA:0,(anonymous_5)
FNDA:0,(anonymous_6)
DA:6,1
DA:7,1
DA:8,8
DA:9,8
DA:10,1
DA:11,1
DA:12,1
DA:13,1
DA:15,0
DA:16,0
DA:24,0
DA:26,0
DA:27,0
DA:28,0
DA:29,0
DA:31,0
LF:16
LH:8
BRF:0
BRH:0
end_of_record
TN:
SF:src\Components\Nav.js
FN:9,(anonymous_0)
FN:15,(anonymous_1)
FN:65,(anonymous_2)
FNF:3
FNH:3
FNDA:10,(anonymous_0)
FNDA:20,(anonymous_1)
FNDA:1,(anonymous_2)
DA:9,2
DA:10,10
DA:11,10
DA:12,10
DA:15,20
DA:17,10
DA:66,1
LF:7
LH:7
BRDA:25,0,0,10
BRDA:25,0,1,0
BRDA:66,1,0,1
BRDA:66,1,1,0
BRF:4
BRH:2
end_of_record
TN:
SF:src\Components\ResMenuCards.js
FN:9,(anonymous_0)
FN:11,(anonymous_1)
FN:12,(anonymous_2)
FN:15,(anonymous_3)
FN:19,(anonymous_4)
FN:49,(anonymous_5)
FN:67,(anonymous_6)
FN:83,(anonymous_7)
FN:86,(anonymous_8)
FNF:9
FNH:8
FNDA:606,(anonymous_0)
FNDA:1313,(anonymous_1)
FNDA:1313,(anonymous_2)
FNDA:1,(anonymous_3)
FNDA:505,(anonymous_4)
FNDA:1,(anonymous_5)
FNDA:0,(anonymous_6)
FNDA:10,(anonymous_7)
FNDA:4,(anonymous_8)
DA:9,1
DA:10,606
DA:11,1313
DA:12,1313
DA:14,606
DA:15,606
DA:16,1
DA:19,606
DA:22,606
DA:50,1
DA:51,1
DA:52,1
DA:53,0
DA:54,0
DA:56,1
DA:58,1
DA:69,0
DA:83,10
DA:87,4
LF:19
LH:16
BRDA:25,0,0,390
BRDA:25,0,1,216
BRDA:38,1,0,120
BRDA:38,1,1,486
BRDA:48,2,0,596
BRDA:48,2,1,10
BRDA:52,3,0,0
BRDA:52,3,1,1
BRDA:52,4,0,1
BRDA:52,4,1,0
BRF:10
BRH:8
end_of_record
TN:
SF:src\Components\RestCart.js
FN:3,(anonymous_0)
FN:31,(anonymous_1)
FN:32,(anonymous_2)
FNF:3
FNH:3
FNDA:20,(anonymous_0)
FNDA:2,(anonymous_1)
FNDA:15,(anonymous_2)
DA:3,2
DA:11,20
DA:12,20
DA:31,2
DA:32,2
DA:33,15
LF:6
LH:6
BRF:0
BRH:0
end_of_record
TN:
SF:src\Components\RestaurantMenu.js
FN:13,(anonymous_0)
FN:29,(anonymous_1)
FN:37,(anonymous_2)
FN:40,(anonymous_3)
FN:54,(anonymous_4)
FN:64,(anonymous_5)
FNF:6
FNH:5
FNDA:5,(anonymous_0)
FNDA:5,(anonymous_1)
FNDA:42,(anonymous_2)
FNDA:21,(anonymous_3)
FNDA:21,(anonymous_4)
FNDA:0,(anonymous_5)
DA:13,1
DA:14,5
DA:15,4
DA:16,4
DA:17,4
DA:18,4
DA:20,4
DA:22,4
DA:23,1
DA:30,5
DA:35,3
DA:36,3
DA:38,42
DA:40,21
DA:41,3
DA:45,3
DA:55,21
DA:56,21
DA:66,0
DA:69,0
LF:20
LH:18
BRDA:22,0,0,1
BRDA:22,0,1,3
BRDA:41,1,0,1
BRDA:41,1,1,2
BRDA:63,2,0,21
BRDA:63,2,1,0
BRDA:66,3,0,0
BRDA:66,3,1,0
BRF:8
BRH:5
end_of_record
TN:
SF:src\Components\Shimmer-ui.js
FN:1,(anonymous_0)
FNF:1
FNH:1
FNDA:8,(anonymous_0)
DA:1,1
DA:2,8
LF:2
LH:2
BRF:0
BRH:0
end_of_record
TN:
SF:src\Components\ShimmerMenu.js
FN:1,(anonymous_0)
FNF:1
FNH:1
FNDA:6,(anonymous_0)
DA:1,1
DA:2,6
LF:2
LH:2
BRF:0
BRH:0
end_of_record
TN:
SF:src\Components\sum.js
FN:1,(anonymous_0)
FNF:1
FNH:1
FNDA:1,(anonymous_0)
DA:1,1
DA:2,1
LF:2
LH:2
BRF:0
BRH:0
end_of_record
TN:
SF:src\config\StyledJSXElememnt.js
FN:1,(anonymous_0)
FNF:1
FNH:1
FNDA:60,(anonymous_0)
DA:1,2
DA:2,60
LF:2
LH:2
BRF:0
BRH:0
end_of_record
TN:
SF:src\config\useOnlineStatus.js
FN:3,(anonymous_0)
FN:6,(anonymous_1)
FN:7,(anonymous_2)
FN:10,(anonymous_3)
FNF:4
FNH:2
FNDA:14,(anonymous_0)
FNDA:5,(anonymous_1)
FNDA:0,(anonymous_2)
FNDA:0,(anonymous_3)
DA:3,3
DA:4,14
DA:6,14
DA:7,5
DA:8,0
DA:10,5
DA:11,0
DA:15,14
LF:8
LH:6
BRF:0
BRH:0
end_of_record
TN:
SF:src\config\useRestaurantMenudata.js
FN:4,(anonymous_0)
FN:7,(anonymous_1)
FN:11,(anonymous_2)
FNF:3
FNH:3
FNDA:4,(anonymous_0)
FNDA:1,(anonymous_1)
FNDA:1,(anonymous_2)
DA:4,1
DA:5,4
DA:7,4
DA:8,1
DA:11,4
DA:12,1
DA:13,1
DA:14,1
DA:19,4
LF:9
LH:9
BRF:0
BRH:0
end_of_record
TN:
SF:src\config\userContext.js
FNF:0
FNH:0
DA:3,2
DA:6,2
LF:2
LH:2
BRF:0
BRH:0
end_of_record
TN:
SF:src\config\utils.js
FNF:0
FNH:0
DA:1,4
DA:2,4
DA:3,4
DA:4,4
DA:5,4
DA:6,4
DA:7,4
LF:7
LH:7
BRF:0
BRH:0
end_of_record
TN:
SF:src\config\reduxStore\cartSlice.js
FN:11,(anonymous_0)
FN:15,(anonymous_1)
FN:24,(anonymous_2)
FN:27,(anonymous_3)
FN:35,(anonymous_4)
FN:38,(anonymous_5)
FN:46,(anonymous_6)
FN:49,(anonymous_7)
FN:53,(anonymous_8)
FNF:9
FNH:3
FNDA:1,(anonymous_0)
FNDA:0,(anonymous_1)
FNDA:4,(anonymous_2)
FNDA:0,(anonymous_3)
FNDA:0,(anonymous_4)
FNDA:1,(anonymous_5)
FNDA:0,(anonymous_6)
FNDA:0,(anonymous_7)
FNDA:0,(anonymous_8)
DA:3,2
DA:13,1
DA:14,1
DA:15,0
DA:16,0
DA:20,1
DA:25,4
DA:28,0
DA:29,0
DA:30,0
DA:32,0
DA:36,0
DA:40,1
DA:41,1
DA:42,0
DA:43,0
DA:47,0
DA:50,0
DA:51,0
DA:54,0
DA:68,2
LF:21
LH:8
BRDA:14,0,0,0
BRDA:14,0,1,1
BRDA:20,1,0,0
BRDA:20,1,1,1
BRDA:28,2,0,0
BRDA:28,2,1,0
BRDA:29,3,0,0
BRDA:29,3,1,0
BRDA:40,4,0,1
BRDA:40,4,1,0
BRDA:42,5,0,0
BRDA:42,5,1,0
BRF:12
BRH:3
end_of_record
TN:
SF:src\config\reduxStore\dataSlice.js
FN:9,(anonymous_0)
FNF:1
FNH:0
FNDA:0,(anonymous_0)
DA:3,2
DA:10,0
DA:15,2
LF:3
LH:2
BRF:0
BRH:0
end_of_record
TN:
SF:src\config\reduxStore\store.js
FNF:0
FNH:0
DA:5,2
DA:18,2
LF:2
LH:2
BRF:0
BRH:0
end_of_record
TN:
SF:src\config\utilsIcons\Icons.js
FN:1,(anonymous_0)
FN:35,(anonymous_1)
FNF:2
FNH:2
FNDA:390,(anonymous_0)
FNDA:216,(anonymous_1)
DA:1,1
DA:2,390
DA:35,1
DA:36,216
LF:4
LH:4
BRF:0
BRH:0
end_of_record
